[ 2014-03-30T14:08:44+08:00 ] 0.0.0.0 /ms/admin.php/Mobileapi/listForms.json
INFO: [ route_check ] --START--
INFO: Run CheckRoute Behavior [ RunTime:0.001000s ]
INFO: [ route_check ] --END-- [ RunTime:0.001000s ]
NOTIC: [8192] preg_replace(): The /e modifier is deprecated, use preg_replace_callback instead D:\Program Files\lamp\Apache24\htdocs\ms\ThinkPHP\Lib\Core\Dispatcher.class.php 第 120 行.
INFO: [ app_begin ] --START--
INFO: Run ReadHtmlCache Behavior [ RunTime:0.000000s ]
INFO: [ app_begin ] --END-- [ RunTime:0.000000s ]
NOTIC: [8192] mysql_connect(): The mysql extension is deprecated and will be removed in the future: use mysqli or PDO instead D:\Program Files\lamp\Apache24\htdocs\ms\ThinkPHP\Lib\Driver\Db\DbMysql.class.php 第 55 行.
SQL: SHOW COLUMNS FROM `dc_ip` [ RunTime:0.030002s ]
NOTIC: [8192] preg_replace(): The /e modifier is deprecated, use preg_replace_callback instead D:\Program Files\lamp\Apache24\htdocs\ms\ThinkPHP\Lib\Core\Db.class.php 第 568 行.
SQL: SELECT * FROM `dc_ip` WHERE ( `start_IP` <= 0 ) AND ( `end_IP` >= 0 ) LIMIT 1   [ RunTime:0.001000s ]
SQL: SHOW COLUMNS FROM `dc_webconfig` [ RunTime:0.003000s ]
NOTIC: [8192] preg_replace(): The /e modifier is deprecated, use preg_replace_callback instead D:\Program Files\lamp\Apache24\htdocs\ms\ThinkPHP\Lib\Core\Db.class.php 第 568 行.
SQL: SELECT * FROM `dc_webconfig` LIMIT 1   [ RunTime:0.001000s ]
SQL: SHOW COLUMNS FROM `dc_forms` [ RunTime:0.036002s ]
NOTIC: [8192] preg_replace(): The /e modifier is deprecated, use preg_replace_callback instead D:\Program Files\lamp\Apache24\htdocs\ms\ThinkPHP\Lib\Core\Db.class.php 第 568 行.
SQL: SELECT `id`,`form_number`,`nprice`,`ask`,`status` FROM `dc_forms` WHERE ( uid= )  [ RunTime:0.000000s ]
ERR: You have an error in your SQL syntax; check the manual that corresponds to your MySQL server version for the right syntax to use near ')' at line 1
 [ SQL语句 ] : SELECT `id`,`form_number`,`nprice`,`ask`,`status` FROM `dc_forms` WHERE ( uid= ) 
NOTIC: [2] Invalid argument supplied for foreach() D:\Program Files\lamp\Apache24\htdocs\ms\Admin\Lib\Action\MobileapiAction.class.php 第 59 行.

[ 2014-03-30T14:08:48+08:00 ] 0.0.0.0 /ms/admin.php/Mobileapi/listForms
INFO: [ route_check ] --START--
INFO: Run CheckRoute Behavior [ RunTime:0.001001s ]
INFO: [ route_check ] --END-- [ RunTime:0.001001s ]
NOTIC: [8192] preg_replace(): The /e modifier is deprecated, use preg_replace_callback instead D:\Program Files\lamp\Apache24\htdocs\ms\ThinkPHP\Lib\Core\Dispatcher.class.php 第 120 行.
INFO: [ app_begin ] --START--
INFO: Run ReadHtmlCache Behavior [ RunTime:0.000000s ]
INFO: [ app_begin ] --END-- [ RunTime:0.000000s ]
NOTIC: [8192] mysql_connect(): The mysql extension is deprecated and will be removed in the future: use mysqli or PDO instead D:\Program Files\lamp\Apache24\htdocs\ms\ThinkPHP\Lib\Driver\Db\DbMysql.class.php 第 55 行.
SQL: SHOW COLUMNS FROM `dc_ip` [ RunTime:0.004000s ]
NOTIC: [8192] preg_replace(): The /e modifier is deprecated, use preg_replace_callback instead D:\Program Files\lamp\Apache24\htdocs\ms\ThinkPHP\Lib\Core\Db.class.php 第 568 行.
SQL: SELECT * FROM `dc_ip` WHERE ( `start_IP` <= 0 ) AND ( `end_IP` >= 0 ) LIMIT 1   [ RunTime:0.000000s ]
SQL: SHOW COLUMNS FROM `dc_webconfig` [ RunTime:0.003001s ]
NOTIC: [8192] preg_replace(): The /e modifier is deprecated, use preg_replace_callback instead D:\Program Files\lamp\Apache24\htdocs\ms\ThinkPHP\Lib\Core\Db.class.php 第 568 行.
SQL: SELECT * FROM `dc_webconfig` LIMIT 1   [ RunTime:0.000000s ]
SQL: SHOW COLUMNS FROM `dc_forms` [ RunTime:0.003000s ]
NOTIC: [8192] preg_replace(): The /e modifier is deprecated, use preg_replace_callback instead D:\Program Files\lamp\Apache24\htdocs\ms\ThinkPHP\Lib\Core\Db.class.php 第 568 行.
SQL: SELECT `id`,`form_number`,`nprice`,`ask`,`status` FROM `dc_forms` WHERE ( uid= )  [ RunTime:0.000000s ]
ERR: You have an error in your SQL syntax; check the manual that corresponds to your MySQL server version for the right syntax to use near ')' at line 1
 [ SQL语句 ] : SELECT `id`,`form_number`,`nprice`,`ask`,`status` FROM `dc_forms` WHERE ( uid= ) 
NOTIC: [2] Invalid argument supplied for foreach() D:\Program Files\lamp\Apache24\htdocs\ms\Admin\Lib\Action\MobileapiAction.class.php 第 59 行.

[ 2014-03-30T14:08:53+08:00 ] 0.0.0.0 /ms/admin.php/Mobileapi/listForms
INFO: [ route_check ] --START--
INFO: Run CheckRoute Behavior [ RunTime:0.001000s ]
INFO: [ route_check ] --END-- [ RunTime:0.001000s ]
NOTIC: [8192] preg_replace(): The /e modifier is deprecated, use preg_replace_callback instead D:\Program Files\lamp\Apache24\htdocs\ms\ThinkPHP\Lib\Core\Dispatcher.class.php 第 120 行.
INFO: [ app_begin ] --START--
INFO: Run ReadHtmlCache Behavior [ RunTime:0.001000s ]
INFO: [ app_begin ] --END-- [ RunTime:0.001000s ]
NOTIC: [8192] mysql_connect(): The mysql extension is deprecated and will be removed in the future: use mysqli or PDO instead D:\Program Files\lamp\Apache24\htdocs\ms\ThinkPHP\Lib\Driver\Db\DbMysql.class.php 第 55 行.
SQL: SHOW COLUMNS FROM `dc_ip` [ RunTime:0.004000s ]
NOTIC: [8192] preg_replace(): The /e modifier is deprecated, use preg_replace_callback instead D:\Program Files\lamp\Apache24\htdocs\ms\ThinkPHP\Lib\Core\Db.class.php 第 568 行.
SQL: SELECT * FROM `dc_ip` WHERE ( `start_IP` <= 0 ) AND ( `end_IP` >= 0 ) LIMIT 1   [ RunTime:0.001000s ]
SQL: SHOW COLUMNS FROM `dc_webconfig` [ RunTime:0.004000s ]
NOTIC: [8192] preg_replace(): The /e modifier is deprecated, use preg_replace_callback instead D:\Program Files\lamp\Apache24\htdocs\ms\ThinkPHP\Lib\Core\Db.class.php 第 568 行.
SQL: SELECT * FROM `dc_webconfig` LIMIT 1   [ RunTime:0.000000s ]
SQL: SHOW COLUMNS FROM `dc_forms` [ RunTime:0.004000s ]
NOTIC: [8192] preg_replace(): The /e modifier is deprecated, use preg_replace_callback instead D:\Program Files\lamp\Apache24\htdocs\ms\ThinkPHP\Lib\Core\Db.class.php 第 568 行.
SQL: SELECT `id`,`form_number`,`nprice`,`ask`,`status` FROM `dc_forms` WHERE ( uid= )  [ RunTime:0.000000s ]
ERR: You have an error in your SQL syntax; check the manual that corresponds to your MySQL server version for the right syntax to use near ')' at line 1
 [ SQL语句 ] : SELECT `id`,`form_number`,`nprice`,`ask`,`status` FROM `dc_forms` WHERE ( uid= ) 
NOTIC: [2] Invalid argument supplied for foreach() D:\Program Files\lamp\Apache24\htdocs\ms\Admin\Lib\Action\MobileapiAction.class.php 第 59 行.

[ 2014-03-30T14:08:54+08:00 ] 0.0.0.0 /ms/admin.php/Mobileapi/listForms
INFO: [ route_check ] --START--
INFO: Run CheckRoute Behavior [ RunTime:0.001000s ]
INFO: [ route_check ] --END-- [ RunTime:0.001000s ]
NOTIC: [8192] preg_replace(): The /e modifier is deprecated, use preg_replace_callback instead D:\Program Files\lamp\Apache24\htdocs\ms\ThinkPHP\Lib\Core\Dispatcher.class.php 第 120 行.
INFO: [ app_begin ] --START--
INFO: Run ReadHtmlCache Behavior [ RunTime:0.000000s ]
INFO: [ app_begin ] --END-- [ RunTime:0.000000s ]
NOTIC: [8192] mysql_connect(): The mysql extension is deprecated and will be removed in the future: use mysqli or PDO instead D:\Program Files\lamp\Apache24\htdocs\ms\ThinkPHP\Lib\Driver\Db\DbMysql.class.php 第 55 行.
SQL: SHOW COLUMNS FROM `dc_ip` [ RunTime:0.002000s ]
NOTIC: [8192] preg_replace(): The /e modifier is deprecated, use preg_replace_callback instead D:\Program Files\lamp\Apache24\htdocs\ms\ThinkPHP\Lib\Core\Db.class.php 第 568 行.
SQL: SELECT * FROM `dc_ip` WHERE ( `start_IP` <= 0 ) AND ( `end_IP` >= 0 ) LIMIT 1   [ RunTime:0.000000s ]
SQL: SHOW COLUMNS FROM `dc_webconfig` [ RunTime:0.003000s ]
NOTIC: [8192] preg_replace(): The /e modifier is deprecated, use preg_replace_callback instead D:\Program Files\lamp\Apache24\htdocs\ms\ThinkPHP\Lib\Core\Db.class.php 第 568 行.
SQL: SELECT * FROM `dc_webconfig` LIMIT 1   [ RunTime:0.000000s ]
SQL: SHOW COLUMNS FROM `dc_forms` [ RunTime:0.003000s ]
NOTIC: [8192] preg_replace(): The /e modifier is deprecated, use preg_replace_callback instead D:\Program Files\lamp\Apache24\htdocs\ms\ThinkPHP\Lib\Core\Db.class.php 第 568 行.
SQL: SELECT `id`,`form_number`,`nprice`,`ask`,`status` FROM `dc_forms` WHERE ( uid= )  [ RunTime:0.000000s ]
ERR: You have an error in your SQL syntax; check the manual that corresponds to your MySQL server version for the right syntax to use near ')' at line 1
 [ SQL语句 ] : SELECT `id`,`form_number`,`nprice`,`ask`,`status` FROM `dc_forms` WHERE ( uid= ) 
NOTIC: [2] Invalid argument supplied for foreach() D:\Program Files\lamp\Apache24\htdocs\ms\Admin\Lib\Action\MobileapiAction.class.php 第 59 行.

[ 2014-03-30T14:08:54+08:00 ] 0.0.0.0 /ms/admin.php/Mobileapi/listForms
INFO: [ route_check ] --START--
INFO: Run CheckRoute Behavior [ RunTime:0.001000s ]
INFO: [ route_check ] --END-- [ RunTime:0.001000s ]
NOTIC: [8192] preg_replace(): The /e modifier is deprecated, use preg_replace_callback instead D:\Program Files\lamp\Apache24\htdocs\ms\ThinkPHP\Lib\Core\Dispatcher.class.php 第 120 行.
INFO: [ app_begin ] --START--
INFO: Run ReadHtmlCache Behavior [ RunTime:0.000000s ]
INFO: [ app_begin ] --END-- [ RunTime:0.000000s ]
NOTIC: [8192] mysql_connect(): The mysql extension is deprecated and will be removed in the future: use mysqli or PDO instead D:\Program Files\lamp\Apache24\htdocs\ms\ThinkPHP\Lib\Driver\Db\DbMysql.class.php 第 55 行.
SQL: SHOW COLUMNS FROM `dc_ip` [ RunTime:0.003000s ]
NOTIC: [8192] preg_replace(): The /e modifier is deprecated, use preg_replace_callback instead D:\Program Files\lamp\Apache24\htdocs\ms\ThinkPHP\Lib\Core\Db.class.php 第 568 行.
SQL: SELECT * FROM `dc_ip` WHERE ( `start_IP` <= 0 ) AND ( `end_IP` >= 0 ) LIMIT 1   [ RunTime:0.000000s ]
SQL: SHOW COLUMNS FROM `dc_webconfig` [ RunTime:0.003000s ]
NOTIC: [8192] preg_replace(): The /e modifier is deprecated, use preg_replace_callback instead D:\Program Files\lamp\Apache24\htdocs\ms\ThinkPHP\Lib\Core\Db.class.php 第 568 行.
SQL: SELECT * FROM `dc_webconfig` LIMIT 1   [ RunTime:0.000000s ]
SQL: SHOW COLUMNS FROM `dc_forms` [ RunTime:0.003000s ]
NOTIC: [8192] preg_replace(): The /e modifier is deprecated, use preg_replace_callback instead D:\Program Files\lamp\Apache24\htdocs\ms\ThinkPHP\Lib\Core\Db.class.php 第 568 行.
SQL: SELECT `id`,`form_number`,`nprice`,`ask`,`status` FROM `dc_forms` WHERE ( uid= )  [ RunTime:0.000000s ]
ERR: You have an error in your SQL syntax; check the manual that corresponds to your MySQL server version for the right syntax to use near ')' at line 1
 [ SQL语句 ] : SELECT `id`,`form_number`,`nprice`,`ask`,`status` FROM `dc_forms` WHERE ( uid= ) 
NOTIC: [2] Invalid argument supplied for foreach() D:\Program Files\lamp\Apache24\htdocs\ms\Admin\Lib\Action\MobileapiAction.class.php 第 59 行.

[ 2014-03-30T14:08:58+08:00 ] 0.0.0.0 /ms/admin.php/Mobileapi/listCars
INFO: [ route_check ] --START--
INFO: Run CheckRoute Behavior [ RunTime:0.000000s ]
INFO: [ route_check ] --END-- [ RunTime:0.000000s ]
NOTIC: [8192] preg_replace(): The /e modifier is deprecated, use preg_replace_callback instead D:\Program Files\lamp\Apache24\htdocs\ms\ThinkPHP\Lib\Core\Dispatcher.class.php 第 120 行.
INFO: [ app_begin ] --START--
INFO: Run ReadHtmlCache Behavior [ RunTime:0.000000s ]
INFO: [ app_begin ] --END-- [ RunTime:0.000000s ]
NOTIC: [8192] mysql_connect(): The mysql extension is deprecated and will be removed in the future: use mysqli or PDO instead D:\Program Files\lamp\Apache24\htdocs\ms\ThinkPHP\Lib\Driver\Db\DbMysql.class.php 第 55 行.
SQL: SHOW COLUMNS FROM `dc_ip` [ RunTime:0.005000s ]
NOTIC: [8192] preg_replace(): The /e modifier is deprecated, use preg_replace_callback instead D:\Program Files\lamp\Apache24\htdocs\ms\ThinkPHP\Lib\Core\Db.class.php 第 568 行.
SQL: SELECT * FROM `dc_ip` WHERE ( `start_IP` <= 0 ) AND ( `end_IP` >= 0 ) LIMIT 1   [ RunTime:0.000000s ]
SQL: SHOW COLUMNS FROM `dc_webconfig` [ RunTime:0.005000s ]
NOTIC: [8192] preg_replace(): The /e modifier is deprecated, use preg_replace_callback instead D:\Program Files\lamp\Apache24\htdocs\ms\ThinkPHP\Lib\Core\Db.class.php 第 568 行.
SQL: SELECT * FROM `dc_webconfig` LIMIT 1   [ RunTime:0.001000s ]
SQL: SHOW COLUMNS FROM `dc_foods` [ RunTime:0.004000s ]
NOTIC: [8192] preg_replace(): The /e modifier is deprecated, use preg_replace_callback instead D:\Program Files\lamp\Apache24\htdocs\ms\ThinkPHP\Lib\Core\Db.class.php 第 568 行.
SQL: SELECT `id`,`name`,`pic`,`price`,`describe` FROM `dc_foods`  [ RunTime:0.000000s ]

[ 2014-03-30T14:09:47+08:00 ] 0.0.0.0 /ms/admin.php/Mobileapi/listCars
INFO: [ route_check ] --START--
INFO: Run CheckRoute Behavior [ RunTime:0.001000s ]
INFO: [ route_check ] --END-- [ RunTime:0.001000s ]
NOTIC: [8192] preg_replace(): The /e modifier is deprecated, use preg_replace_callback instead D:\Program Files\lamp\Apache24\htdocs\ms\ThinkPHP\Lib\Core\Dispatcher.class.php 第 120 行.
INFO: [ app_begin ] --START--
INFO: Run ReadHtmlCache Behavior [ RunTime:0.002000s ]
INFO: [ app_begin ] --END-- [ RunTime:0.002000s ]
NOTIC: [8192] mysql_connect(): The mysql extension is deprecated and will be removed in the future: use mysqli or PDO instead D:\Program Files\lamp\Apache24\htdocs\ms\ThinkPHP\Lib\Driver\Db\DbMysql.class.php 第 55 行.
SQL: SHOW COLUMNS FROM `dc_ip` [ RunTime:0.004000s ]
NOTIC: [8192] preg_replace(): The /e modifier is deprecated, use preg_replace_callback instead D:\Program Files\lamp\Apache24\htdocs\ms\ThinkPHP\Lib\Core\Db.class.php 第 568 行.
SQL: SELECT * FROM `dc_ip` WHERE ( `start_IP` <= 0 ) AND ( `end_IP` >= 0 ) LIMIT 1   [ RunTime:0.001000s ]
SQL: SHOW COLUMNS FROM `dc_webconfig` [ RunTime:0.003000s ]
NOTIC: [8192] preg_replace(): The /e modifier is deprecated, use preg_replace_callback instead D:\Program Files\lamp\Apache24\htdocs\ms\ThinkPHP\Lib\Core\Db.class.php 第 568 行.
SQL: SELECT * FROM `dc_webconfig` LIMIT 1   [ RunTime:0.001000s ]
SQL: SHOW COLUMNS FROM `dc_foods` [ RunTime:0.003000s ]
NOTIC: [8192] preg_replace(): The /e modifier is deprecated, use preg_replace_callback instead D:\Program Files\lamp\Apache24\htdocs\ms\ThinkPHP\Lib\Core\Db.class.php 第 568 行.
SQL: SELECT `id`,`name`,`pic`,`price`,`describe` FROM `dc_foods`  [ RunTime:0.000000s ]

[ 2014-03-30T14:10:33+08:00 ] 0.0.0.0 /ms/admin.php/Mobileapi/listForms
INFO: [ route_check ] --START--
INFO: Run CheckRoute Behavior [ RunTime:0.000000s ]
INFO: [ route_check ] --END-- [ RunTime:0.000000s ]
NOTIC: [8192] preg_replace(): The /e modifier is deprecated, use preg_replace_callback instead D:\Program Files\lamp\Apache24\htdocs\ms\ThinkPHP\Lib\Core\Dispatcher.class.php 第 120 行.
INFO: [ app_begin ] --START--
INFO: Run ReadHtmlCache Behavior [ RunTime:0.001000s ]
INFO: [ app_begin ] --END-- [ RunTime:0.002000s ]
NOTIC: [8192] mysql_connect(): The mysql extension is deprecated and will be removed in the future: use mysqli or PDO instead D:\Program Files\lamp\Apache24\htdocs\ms\ThinkPHP\Lib\Driver\Db\DbMysql.class.php 第 55 行.
SQL: SHOW COLUMNS FROM `dc_ip` [ RunTime:0.003000s ]
NOTIC: [8192] preg_replace(): The /e modifier is deprecated, use preg_replace_callback instead D:\Program Files\lamp\Apache24\htdocs\ms\ThinkPHP\Lib\Core\Db.class.php 第 568 行.
SQL: SELECT * FROM `dc_ip` WHERE ( `start_IP` <= 0 ) AND ( `end_IP` >= 0 ) LIMIT 1   [ RunTime:0.000000s ]
SQL: SHOW COLUMNS FROM `dc_webconfig` [ RunTime:0.002000s ]
NOTIC: [8192] preg_replace(): The /e modifier is deprecated, use preg_replace_callback instead D:\Program Files\lamp\Apache24\htdocs\ms\ThinkPHP\Lib\Core\Db.class.php 第 568 行.
SQL: SELECT * FROM `dc_webconfig` LIMIT 1   [ RunTime:0.001000s ]
SQL: SHOW COLUMNS FROM `dc_forms` [ RunTime:0.002000s ]
NOTIC: [8192] preg_replace(): The /e modifier is deprecated, use preg_replace_callback instead D:\Program Files\lamp\Apache24\htdocs\ms\ThinkPHP\Lib\Core\Db.class.php 第 568 行.
SQL: SELECT `id`,`form_number`,`nprice`,`ask`,`status` FROM `dc_forms` WHERE ( uid= )  [ RunTime:0.000000s ]
ERR: You have an error in your SQL syntax; check the manual that corresponds to your MySQL server version for the right syntax to use near ')' at line 1
 [ SQL语句 ] : SELECT `id`,`form_number`,`nprice`,`ask`,`status` FROM `dc_forms` WHERE ( uid= ) 
NOTIC: [2] Invalid argument supplied for foreach() D:\Program Files\lamp\Apache24\htdocs\ms\Admin\Lib\Action\MobileapiAction.class.php 第 59 行.

[ 2014-03-30T14:11:07+08:00 ] 0.0.0.0 /ms/admin.php/Mobileapi/listCars
INFO: [ route_check ] --START--
INFO: Run CheckRoute Behavior [ RunTime:0.000000s ]
INFO: [ route_check ] --END-- [ RunTime:0.000000s ]
NOTIC: [8192] preg_replace(): The /e modifier is deprecated, use preg_replace_callback instead D:\Program Files\lamp\Apache24\htdocs\ms\ThinkPHP\Lib\Core\Dispatcher.class.php 第 120 行.
INFO: [ app_begin ] --START--
INFO: Run ReadHtmlCache Behavior [ RunTime:0.001000s ]
INFO: [ app_begin ] --END-- [ RunTime:0.001000s ]
NOTIC: [8192] mysql_connect(): The mysql extension is deprecated and will be removed in the future: use mysqli or PDO instead D:\Program Files\lamp\Apache24\htdocs\ms\ThinkPHP\Lib\Driver\Db\DbMysql.class.php 第 55 行.
SQL: SHOW COLUMNS FROM `dc_ip` [ RunTime:0.003000s ]
NOTIC: [8192] preg_replace(): The /e modifier is deprecated, use preg_replace_callback instead D:\Program Files\lamp\Apache24\htdocs\ms\ThinkPHP\Lib\Core\Db.class.php 第 568 行.
SQL: SELECT * FROM `dc_ip` WHERE ( `start_IP` <= 0 ) AND ( `end_IP` >= 0 ) LIMIT 1   [ RunTime:0.000000s ]
SQL: SHOW COLUMNS FROM `dc_webconfig` [ RunTime:0.003000s ]
NOTIC: [8192] preg_replace(): The /e modifier is deprecated, use preg_replace_callback instead D:\Program Files\lamp\Apache24\htdocs\ms\ThinkPHP\Lib\Core\Db.class.php 第 568 行.
SQL: SELECT * FROM `dc_webconfig` LIMIT 1   [ RunTime:0.001000s ]
SQL: SHOW COLUMNS FROM `dc_foods` [ RunTime:0.003000s ]
NOTIC: [8192] preg_replace(): The /e modifier is deprecated, use preg_replace_callback instead D:\Program Files\lamp\Apache24\htdocs\ms\ThinkPHP\Lib\Core\Db.class.php 第 568 行.
SQL: SELECT `id`,`name`,`pic`,`price`,`describe` FROM `dc_foods`  [ RunTime:0.001000s ]

[ 2014-03-30T14:11:09+08:00 ] 0.0.0.0 /ms/admin.php/Mobileapi/listForms
INFO: [ route_check ] --START--
INFO: Run CheckRoute Behavior [ RunTime:0.000000s ]
INFO: [ route_check ] --END-- [ RunTime:0.000000s ]
NOTIC: [8192] preg_replace(): The /e modifier is deprecated, use preg_replace_callback instead D:\Program Files\lamp\Apache24\htdocs\ms\ThinkPHP\Lib\Core\Dispatcher.class.php 第 120 行.
INFO: [ app_begin ] --START--
INFO: Run ReadHtmlCache Behavior [ RunTime:0.000000s ]
INFO: [ app_begin ] --END-- [ RunTime:0.000000s ]
NOTIC: [8192] mysql_connect(): The mysql extension is deprecated and will be removed in the future: use mysqli or PDO instead D:\Program Files\lamp\Apache24\htdocs\ms\ThinkPHP\Lib\Driver\Db\DbMysql.class.php 第 55 行.
SQL: SHOW COLUMNS FROM `dc_ip` [ RunTime:0.003000s ]
NOTIC: [8192] preg_replace(): The /e modifier is deprecated, use preg_replace_callback instead D:\Program Files\lamp\Apache24\htdocs\ms\ThinkPHP\Lib\Core\Db.class.php 第 568 行.
SQL: SELECT * FROM `dc_ip` WHERE ( `start_IP` <= 0 ) AND ( `end_IP` >= 0 ) LIMIT 1   [ RunTime:0.000000s ]
SQL: SHOW COLUMNS FROM `dc_webconfig` [ RunTime:0.004000s ]
NOTIC: [8192] preg_replace(): The /e modifier is deprecated, use preg_replace_callback instead D:\Program Files\lamp\Apache24\htdocs\ms\ThinkPHP\Lib\Core\Db.class.php 第 568 行.
SQL: SELECT * FROM `dc_webconfig` LIMIT 1   [ RunTime:0.000000s ]
SQL: SHOW COLUMNS FROM `dc_forms` [ RunTime:0.004001s ]
NOTIC: [8192] preg_replace(): The /e modifier is deprecated, use preg_replace_callback instead D:\Program Files\lamp\Apache24\htdocs\ms\ThinkPHP\Lib\Core\Db.class.php 第 568 行.
SQL: SELECT `id`,`form_number`,`nprice`,`ask`,`status` FROM `dc_forms` WHERE ( uid=1 )  [ RunTime:0.001000s ]

